<?xml version="1.0" encoding="UTF-8"?>
<testng-results skipped="0" failed="0" ignored="0" total="1" passed="1">
  <reporter-output>
  </reporter-output>
  <suite name="Default suite" duration-ms="143887" started-at="2023-06-10T15:53:22Z" finished-at="2023-06-10T15:55:46Z">
    <groups>
      <group name="cucumber scenarios">
        <method signature="TestRunner.scenario(io.cucumber.testng.PickleWrapper, io.cucumber.testng.FeatureWrapper)[pri:0, instance:com.qt.bdd.Runner.TestRunner@5c5eefef]" name="scenario" class="com.qt.bdd.Runner.TestRunner"/>
      </group> <!-- cucumber scenarios -->
    </groups>
    <test name="Default test" duration-ms="143887" started-at="2023-06-10T15:53:22Z" finished-at="2023-06-10T15:55:46Z">
      <class name="com.qt.bdd.Runner.TestRunner">
        <test-method status="PASS" signature="setUpClass()[pri:0, instance:com.qt.bdd.Runner.TestRunner@5c5eefef]" name="setUpClass" is-config="true" duration-ms="1042" started-at="2023-06-10T15:53:22Z" finished-at="2023-06-10T15:53:23Z">
          <reporter-output>
          </reporter-output>
        </test-method> <!-- setUpClass -->
        <test-method status="PASS" signature="scenario(io.cucumber.testng.PickleWrapper, io.cucumber.testng.FeatureWrapper)[pri:0, instance:com.qt.bdd.Runner.TestRunner@5c5eefef]" name="scenario" duration-ms="135971" started-at="2023-06-10T15:53:23Z" data-provider="scenarios" finished-at="2023-06-10T15:55:39Z">
          <params>
            <param index="0">
              <value>
                <![CDATA["verify the links in all tabs"]]>
              </value>
            </param>
            <param index="1">
              <value>
                <![CDATA["Optional[Automated End2End Tests]"]]>
              </value>
            </param>
          </params>
          <reporter-output>
          </reporter-output>
        </test-method> <!-- scenario -->
        <test-method status="PASS" signature="tearDownClass()[pri:0, instance:com.qt.bdd.Runner.TestRunner@5c5eefef]" name="tearDownClass" is-config="true" duration-ms="6800" started-at="2023-06-10T15:55:39Z" finished-at="2023-06-10T15:55:46Z">
          <reporter-output>
          </reporter-output>
        </test-method> <!-- tearDownClass -->
      </class> <!-- com.qt.bdd.Runner.TestRunner -->
    </test> <!-- Default test -->
  </suite> <!-- Default suite -->
</testng-results>
